Arguments: 
  C:\Program Files\nodejs\node.exe C:\Users\preciousarierhi\AppData\Roaming\npm\node_modules\yarn\bin\yarn.js install

PATH: 
  C:\Windows\system32;C:\Windows;C:\Windows\System32\Wbem;C:\Windows\System32\WindowsPowerShell\v1.0\;C:\Windows\System32\OpenSSH\;C:\Program Files\nodejs\;C:\Program Files (x86)\Git\cmd;C:\Program Files\Amazon\AWSCLIV2\;C:\Users\preciousarierhi;C:\Users\preciousarierhi\AppData\Roaming\npm;C:\Users\preciousarierhi\AppData\Local\Programs\Microsoft VS Code\bin;C:\Users\preciousarierhi\AppData\Local\hyper\app-3.0.2\resources\bin;C:\Program Files\OpenSSL-Win64\bin;C:\Program Files\heroku\bin;

Yarn version: 
  1.22.10

Node version: 
  16.18.0

Platform: 
  win32 x64

Trace: 
  Error: read ECONNRESET
      at TLSWrap.onStreamRead (node:internal/stream_base_commons:217:20)

npm manifest: 
  {
    "name": "my-app",
    "version": "1.0.0",
    "main": "node_modules/expo/AppEntry.js",
    "scripts": {
      "start": "expo start",
      "android": "expo start --android",
      "ios": "expo start --ios",
      "web": "expo start --web"
    },
    "dependencies": {
      "expo": "~46.0.16",
      "expo-status-bar": "~1.4.0",
      "react": "18.0.0",
      "react-native": "0.69.6"
    },
    "devDependencies": {
      "@babel/core": "^7.12.9"
    },
    "private": true
  }

yarn manifest: 
  No manifest

Lockfile: 
  No lockfile
